[Mon Sep 21 23:26:25.543 2009] [  237] accepting connections
[Fri Sep 25 18:22:43.204 2009] [  237] rotating indices (seamless=1)
[Fri Sep 25 18:22:43.256 2009] [  237] rotating index 'user_core': success
[Fri Sep 25 18:22:43.265 2009] [  237] rotating index 'place_core': success
[Fri Sep 25 18:22:43.270 2009] [  237] rotating index 'activity_core': success
[Fri Sep 25 18:22:43.270 2009] [  237] rotating finished
[Fri Sep 25 18:22:59.608 2009] [  237] caught SIGTERM, shutting down
[Fri Sep 25 18:22:59.609 2009] [  237] shutdown complete
[Fri Sep 25 18:23:10.871 2009] [ 5850] accepting connections
[Sun Sep 27 12:15:55.539 2009] [ 5850] caught SIGTERM, shutting down
[Sun Sep 27 12:15:55.803 2009] [ 5850] shutdown complete
[Mon Sep 28 08:58:47.701 2009] [ 1173] accepting connections
[Mon Sep 28 11:58:14.223 2009] [ 1173] caught SIGTERM, shutting down
[Mon Sep 28 11:58:14.224 2009] [ 1173] shutdown complete
[Mon Sep 28 16:37:20.931 2009] [  784] accepting connections
[Mon Sep 28 22:46:44.559 2009] [  784] caught SIGTERM, shutting down
[Mon Sep 28 22:46:44.738 2009] [  784] shutdown complete
[Tue Sep 29 10:49:01.295 2009] [  587] accepting connections
[Tue Sep 29 19:07:39.357 2009] [  587] caught SIGTERM, shutting down
[Tue Sep 29 19:07:39.501 2009] [  587] shutdown complete
[Wed Sep 30 19:54:00.599 2009] [69268] accepting connections
[Wed Sep 30 19:54:36.822 2009] [69268] rotating indices (seamless=1)
[Wed Sep 30 19:54:36.869 2009] [69268] rotating index 'user_core': success
[Wed Sep 30 19:54:36.883 2009] [69268] rotating index 'place_core': success
[Wed Sep 30 19:54:36.895 2009] [69268] rotating index 'activity_core': success
[Wed Sep 30 19:54:36.895 2009] [69268] rotating finished
[Thu Oct  1 09:52:07.740 2009] [69268] caught SIGTERM, shutting down
[Thu Oct  1 09:52:07.743 2009] [69268] shutdown complete
[Thu Oct  1 13:15:08.623 2009] [  662] accepting connections
[Mon Oct  5 08:39:44.740 2009] [  662] caught SIGTERM, shutting down
[Mon Oct  5 08:39:45.091 2009] [  662] shutdown complete
[Mon Oct  5 13:31:42.534 2009] [  842] accepting connections
[Tue Oct  6 15:29:46.478 2009] [  842] caught SIGTERM, shutting down
[Tue Oct  6 15:29:46.922 2009] [  842] shutdown complete
[Wed Oct  7 10:36:40.062 2009] [  706] accepting connections
[Thu Oct  8 23:59:14.331 2009] [  706] caught SIGTERM, shutting down
[Thu Oct  8 23:59:14.759 2009] [  706] shutdown complete
[Fri Oct  9 15:17:53.068 2009] [  826] accepting connections
[Mon Oct 12 09:12:20.173 2009] [  826] caught SIGTERM, shutting down
[Mon Oct 12 09:12:20.558 2009] [  826] shutdown complete
[Mon Oct 12 09:40:43.676 2009] [  452] accepting connections
[Wed Oct 14 08:24:21.454 2009] [  452] caught SIGTERM, shutting down
[Wed Oct 14 08:24:21.831 2009] [  452] shutdown complete
[Fri Oct 16 11:02:41.757 2009] [ 2429] accepting connections
[Fri Oct 16 11:04:12.739 2009] [ 2429] rotating indices (seamless=1)
[Fri Oct 16 11:04:12.775 2009] [ 2429] rotating index 'user_core': success
[Fri Oct 16 11:04:12.791 2009] [ 2429] rotating index 'place_core': success
[Fri Oct 16 11:04:12.795 2009] [ 2429] rotating index 'activity_core': success
[Fri Oct 16 11:04:12.795 2009] [ 2429] rotating finished
[Tue Oct 27 14:49:21.444 2009] [ 2304] accepting connections
[Mon Nov  2 14:46:00.779 2009] [ 2304] caught SIGTERM, shutting down
[Mon Nov  2 14:46:01.326 2009] [ 2304] shutdown complete
[Mon Nov  2 14:52:38.042 2009] [  452] accepting connections
[Thu Nov  5 16:30:32.973 2009] [  616] accepting connections
[Sat Nov  7 18:14:32.011 2009] [  616] caught SIGTERM, shutting down
[Sat Nov  7 18:14:32.408 2009] [  616] shutdown complete
[Sun Nov  8 22:45:44.110 2009] [ 1063] accepting connections
[Mon Nov  9 15:18:36.801 2009] [  425] accepting connections
[Tue Nov 10 08:56:34.924 2009] [  425] rotating indices (seamless=1)
[Tue Nov 10 08:56:35.031 2009] [  425] rotating index 'user_core': success
[Tue Nov 10 08:56:35.053 2009] [  425] rotating index 'place_core': success
[Tue Nov 10 08:56:35.057 2009] [  425] rotating index 'activity_core': success
[Tue Nov 10 08:56:35.057 2009] [  425] rotating finished
[Wed Nov 11 10:54:57.612 2009] [  425] caught SIGTERM, shutting down
[Wed Nov 11 10:54:57.780 2009] [  425] shutdown complete
[Fri Nov 13 12:41:41.787 2009] [ 1662] accepting connections
[Fri Nov 13 12:47:49.622 2009] [ 1662] caught SIGTERM, shutting down
[Fri Nov 13 12:47:49.624 2009] [ 1662] shutdown complete
[Fri Nov 13 12:52:06.011 2009] [  412] accepting connections
[Fri Nov 13 13:41:29.988 2009] [  412] rotating indices (seamless=1)
[Fri Nov 13 13:41:30.024 2009] [  412] rotating index 'user_core': success
[Fri Nov 13 13:41:30.041 2009] [  412] rotating index 'place_core': success
[Fri Nov 13 13:41:30.044 2009] [  412] rotating index 'activity_core': success
[Fri Nov 13 13:41:30.044 2009] [  412] rotating finished
[Mon Nov 16 16:59:29.320 2009] [  412] caught SIGTERM, shutting down
[Mon Nov 16 16:59:29.806 2009] [  412] shutdown complete
[Tue Nov 17 11:44:25.282 2009] [  703] accepting connections
[Wed Nov 18 14:00:46.951 2009] [  703] caught SIGTERM, shutting down
[Wed Nov 18 14:00:47.545 2009] [  703] shutdown complete
[Wed Nov 18 14:21:03.239 2009] [  416] accepting connections
[Wed Nov 18 14:27:06.497 2009] [  416] rotating indices (seamless=1)
[Wed Nov 18 14:27:06.561 2009] [  416] rotating index 'user_core': success
[Wed Nov 18 14:27:06.570 2009] [  416] rotating index 'place_core': success
[Wed Nov 18 14:27:06.573 2009] [  416] rotating index 'activity_core': success
[Wed Nov 18 14:27:06.574 2009] [  416] rotating finished
[Wed Nov 18 17:46:49.336 2009] [  416] rotating indices (seamless=1)
[Wed Nov 18 17:46:49.389 2009] [  416] rotating index 'user_core': success
[Wed Nov 18 17:46:49.463 2009] [  416] rotating index 'place_core': success
[Wed Nov 18 17:46:49.466 2009] [  416] rotating index 'activity_core': success
[Wed Nov 18 17:46:49.466 2009] [  416] rotating finished
[Fri Nov 20 00:16:40.168 2009] [  416] caught SIGTERM, shutting down
[Fri Nov 20 00:16:40.935 2009] [  416] shutdown complete
[Fri Nov 20 11:14:18.850 2009] [  653] accepting connections
[Fri Nov 20 11:17:12.281 2009] [  653] rotating indices (seamless=1)
[Fri Nov 20 11:17:12.336 2009] [  653] rotating index 'user_core': success
[Fri Nov 20 11:17:12.423 2009] [  653] rotating index 'place_core': success
[Fri Nov 20 11:17:12.443 2009] [  653] rotating index 'activity_core': success
[Fri Nov 20 11:17:12.443 2009] [  653] rotating finished
[Sun Nov 22 23:20:46.457 2009] [  653] caught SIGTERM, shutting down
[Sun Nov 22 23:20:46.961 2009] [  653] shutdown complete
[Mon Nov 23 12:27:21.279 2009] [  743] accepting connections
[Mon Nov 23 21:05:18.342 2009] [  743] caught SIGTERM, shutting down
[Mon Nov 23 21:05:18.712 2009] [  743] shutdown complete
[Mon Nov 23 22:19:24.107 2009] [  509] accepting connections
[Tue Nov 24 19:59:03.527 2009] [  414] accepting connections
[Fri Nov 27 18:22:09.357 2009] [ 1008] accepting connections
[Sat Nov 28 01:04:49.988 2009] [ 1008] caught SIGTERM, shutting down
[Sat Nov 28 01:04:50.361 2009] [ 1008] shutdown complete
[Sat Nov 28 17:17:10.528 2009] [ 1616] accepting connections
[Sun Nov 29 21:58:33.824 2009] [ 1616] caught SIGTERM, shutting down
[Sun Nov 29 21:58:33.991 2009] [ 1616] shutdown complete
[Mon Nov 30 21:11:21.819 2009] [ 1246] accepting connections
[Wed Dec  2 13:41:03.574 2009] [ 1246] caught SIGTERM, shutting down
[Wed Dec  2 13:41:04.510 2009] [ 1246] shutdown complete
[Wed Dec  2 17:34:31.077 2009] [  768] accepting connections
[Thu Dec  3 12:07:38.521 2009] [ 1777] accepting connections
[Fri Dec  4 08:40:00.101 2009] [ 1777] caught SIGTERM, shutting down
[Fri Dec  4 08:40:00.422 2009] [ 1777] shutdown complete
[Mon Dec  7 11:39:42.584 2009] [ 1168] accepting connections
[Tue Dec  8 15:28:53.558 2009] [ 1168] rotating indices (seamless=1)
[Tue Dec  8 15:28:53.667 2009] [ 1168] rotating index 'user_core': success
[Tue Dec  8 15:28:53.679 2009] [ 1168] rotating index 'place_core': success
[Tue Dec  8 15:28:53.705 2009] [ 1168] rotating index 'activity_core': success
[Tue Dec  8 15:28:53.705 2009] [ 1168] rotating finished
[Tue Dec  8 22:40:45.827 2009] [ 1168] caught SIGTERM, shutting down
[Tue Dec  8 22:40:47.041 2009] [ 1168] shutdown complete
[Tue Jan 12 13:23:14.719 2010] [  587] accepting connections
[Mon Jan 18 13:41:44.910 2010] [  587] caught SIGTERM, shutting down
[Mon Jan 18 13:41:45.786 2010] [  587] shutdown complete
[Mon Jan 18 13:52:51.917 2010] [  443] accepting connections
[Mon Jan 18 16:37:45.861 2010] [  443] rotating indices (seamless=1)
[Mon Jan 18 16:37:45.873 2010] [  443] rotating index 'user_core': success
[Mon Jan 18 16:37:45.886 2010] [  443] rotating index 'place_core': success
[Mon Jan 18 16:37:45.889 2010] [  443] rotating index 'activity_core': success
[Mon Jan 18 16:37:45.889 2010] [  443] rotating finished
[Mon Jan 18 16:40:30.325 2010] [  443] caught SIGTERM, shutting down
[Mon Jan 18 16:40:30.326 2010] [  443] shutdown complete
[Mon Jan 18 16:46:06.843 2010] [  756] accepting connections
[Mon Jan 18 16:56:26.164 2010] [  756] caught SIGTERM, shutting down
[Mon Jan 18 16:56:26.176 2010] [  756] shutdown complete
[Fri Jan 22 09:57:40.621 2010] [ 1815] accepting connections
[Fri Jan 22 10:02:40.056 2010] [ 1815] rotating indices (seamless=1)
[Fri Jan 22 10:02:40.103 2010] [ 1815] rotating index 'user_core': success
[Fri Jan 22 10:02:40.112 2010] [ 1815] rotating index 'place_core': success
[Fri Jan 22 10:02:40.117 2010] [ 1815] rotating index 'activity_core': success
[Fri Jan 22 10:02:40.117 2010] [ 1815] rotating finished
[Fri Jan 22 20:55:17.797 2010] [ 1815] rotating indices (seamless=1)
[Fri Jan 22 20:55:17.904 2010] [ 1815] rotating index 'user_core': success
[Fri Jan 22 20:55:17.913 2010] [ 1815] rotating index 'place_core': success
[Fri Jan 22 20:55:17.930 2010] [ 1815] rotating index 'activity_core': success
[Fri Jan 22 20:55:17.930 2010] [ 1815] rotating finished
[Tue Jan 26 10:19:03.847 2010] [ 1815] caught SIGTERM, shutting down
[Tue Jan 26 10:19:04.718 2010] [ 1815] shutdown complete
[Thu Feb  4 14:16:01.134 2010] [ 9580] accepting connections
[Fri Feb  5 10:13:24.647 2010] [ 9580] rotating indices (seamless=1)
[Fri Feb  5 10:13:24.749 2010] [ 9580] rotating index 'user_core': success
[Fri Feb  5 10:13:24.778 2010] [ 9580] rotating index 'place_core': success
[Fri Feb  5 10:13:24.781 2010] [ 9580] rotating index 'activity_core': success
[Fri Feb  5 10:13:24.781 2010] [ 9580] rotating finished
[Fri Feb  5 10:18:32.792 2010] [ 9580] rotating indices (seamless=1)
[Fri Feb  5 10:18:32.797 2010] [ 9580] rotating index 'user_core': success
[Fri Feb  5 10:18:32.808 2010] [ 9580] rotating index 'place_core': success
[Fri Feb  5 10:18:32.812 2010] [ 9580] rotating index 'activity_core': success
[Fri Feb  5 10:18:32.813 2010] [ 9580] rotating finished
[Sun Feb  7 22:45:07.468 2010] [ 9580] caught SIGTERM, shutting down
[Sun Feb  7 22:45:08.166 2010] [ 9580] shutdown complete
[Mon Feb  8 09:19:33.602 2010] [  458] accepting connections
[Wed Apr 28 10:01:57.501 2010] [  267] accepting connections
[Wed Apr 28 17:44:26.744 2010] [  981] accepting connections
[Thu Apr 29 14:23:17.394 2010] [  981] rotating indices (seamless=1)
[Thu Apr 29 14:23:17.490 2010] [  981] rotating index 'user_core': success
[Thu Apr 29 14:23:17.590 2010] [  981] rotating index 'place_core': success
[Thu Apr 29 14:23:17.593 2010] [  981] rotating index 'activity_core': success
[Thu Apr 29 14:23:17.593 2010] [  981] rotating finished
[Thu Apr 29 14:30:20.296 2010] [  981] rotating indices (seamless=1)
[Thu Apr 29 14:30:20.300 2010] [  981] rotating index 'user_core': success
[Thu Apr 29 14:30:20.339 2010] [  981] rotating index 'place_core': success
[Thu Apr 29 14:30:20.344 2010] [  981] rotating index 'activity_core': success
[Thu Apr 29 14:30:20.344 2010] [  981] rotating finished
[Thu Apr 29 14:47:53.308 2010] [  981] rotating indices (seamless=1)
[Thu Apr 29 14:47:53.355 2010] [  981] rotating index 'user_core': success
[Thu Apr 29 14:47:53.400 2010] [  981] rotating index 'place_core': success
[Thu Apr 29 14:47:53.404 2010] [  981] rotating index 'activity_core': success
[Thu Apr 29 14:47:53.404 2010] [  981] rotating finished
[Thu Apr 29 14:58:05.960 2010] [  981] rotating indices (seamless=1)
[Thu Apr 29 14:58:05.966 2010] [  981] rotating index 'user_core': success
[Thu Apr 29 14:58:05.975 2010] [  981] rotating index 'place_core': success
[Thu Apr 29 14:58:05.979 2010] [  981] rotating index 'activity_core': success
[Thu Apr 29 14:58:05.979 2010] [  981] rotating finished
[Thu Apr 29 15:31:38.800 2010] [  981] rotating indices (seamless=1)
[Thu Apr 29 15:31:38.802 2010] [  981] rotating index 'user_core': success
[Thu Apr 29 15:31:38.811 2010] [  981] rotating index 'place_core': success
[Thu Apr 29 15:31:38.814 2010] [  981] rotating index 'activity_core': success
[Thu Apr 29 15:31:38.815 2010] [  981] rotating finished
[Thu Apr 29 16:07:57.865 2010] [  981] rotating indices (seamless=1)
[Thu Apr 29 16:07:57.909 2010] [  981] rotating index 'user_core': success
[Thu Apr 29 16:07:57.919 2010] [  981] rotating index 'place_core': success
[Thu Apr 29 16:07:57.953 2010] [  981] rotating index 'activity_core': success
[Thu Apr 29 16:07:57.953 2010] [  981] rotating finished
[Thu Apr 29 16:14:07.989 2010] [  981] rotating indices (seamless=1)
[Thu Apr 29 16:14:08.018 2010] [  981] rotating index 'user_core': success
[Thu Apr 29 16:14:08.038 2010] [  981] rotating index 'place_core': success
[Thu Apr 29 16:14:08.042 2010] [  981] rotating index 'activity_core': success
[Thu Apr 29 16:14:08.042 2010] [  981] rotating finished
[Mon May 10 09:39:37.497 2010] [  758] accepting connections
[Mon May 10 09:39:53.778 2010] [  758] rotating indices (seamless=1)
[Mon May 10 09:39:53.783 2010] [  758] rotating index 'user_core': success
[Mon May 10 09:39:53.793 2010] [  758] rotating index 'place_core': success
[Mon May 10 09:39:53.802 2010] [  758] rotating index 'activity_core': success
[Mon May 10 09:39:53.802 2010] [  758] rotating finished
